<?xml version="1.0" encoding="UTF-8"?>
<!-- Generated by org.testng.reporters.JUnitXMLReporter -->
<testsuite hostname="LAPTOP-2KHHSKJ5" ignored="0" name="Default test" tests="3" failures="0" timestamp="28 Feb 2019 05:16:53 GMT" time="26.794" errors="0">
  <testcase name="verifyTitleTest" time="0.142" classname="testcases.TestCaseOne"/>
  <testcase name="verifyLoginPageTest" time="7.574" classname="testcases.TestCaseOne"/>
  <testcase name="verifyErrorMessage" time="1.237" classname="testcases.TestCaseOne"/>
</testsuite> <!-- Default test -->
