<?xml version="1.0" encoding="UTF-8"?>
<testng-results skipped="0" failed="0" ignored="0" total="1" passed="1">
  <reporter-output>
  </reporter-output>
  <suite name="Suite" duration-ms="62" started-at="2018-08-19T17:57:20Z" finished-at="2018-08-19T17:57:20Z">
    <groups>
    </groups>
    <test name="Test" duration-ms="62" started-at="2018-08-19T17:57:20Z" finished-at="2018-08-19T17:57:20Z">
      <class name="Selenium.MavenAug2018.NewTest">
        <test-method status="PASS" signature="beforeSuite()[pri:0, instance:Selenium.MavenAug2018.NewTest@79b4d0f]" name="beforeSuite" is-config="true" duration-ms="28" started-at="2018-08-19T13:57:20Z" finished-at="2018-08-19T13:57:20Z">
          <reporter-output>
          </reporter-output>
        </test-method> <!-- beforeSuite -->
        <test-method status="PASS" signature="beforeTest()[pri:0, instance:Selenium.MavenAug2018.NewTest@79b4d0f]" name="beforeTest" is-config="true" duration-ms="0" started-at="2018-08-19T13:57:20Z" finished-at="2018-08-19T13:57:20Z">
          <reporter-output>
          </reporter-output>
        </test-method> <!-- beforeTest -->
        <test-method status="PASS" signature="beforeClass()[pri:0, instance:Selenium.MavenAug2018.NewTest@79b4d0f]" name="beforeClass" is-config="true" duration-ms="1" started-at="2018-08-19T13:57:20Z" finished-at="2018-08-19T13:57:20Z">
          <reporter-output>
          </reporter-output>
        </test-method> <!-- beforeClass -->
        <test-method status="PASS" signature="f()[pri:0, instance:Selenium.MavenAug2018.NewTest@79b4d0f]" name="f" duration-ms="2" started-at="2018-08-19T13:57:20Z" finished-at="2018-08-19T13:57:20Z">
          <reporter-output>
          </reporter-output>
        </test-method> <!-- f -->
        <test-method status="PASS" signature="beforeMethod()[pri:0, instance:Selenium.MavenAug2018.NewTest@79b4d0f]" name="beforeMethod" is-config="true" duration-ms="0" started-at="2018-08-19T13:57:20Z" finished-at="2018-08-19T13:57:20Z">
          <reporter-output>
          </reporter-output>
        </test-method> <!-- beforeMethod -->
        <test-method status="PASS" signature="afterMethod()[pri:0, instance:Selenium.MavenAug2018.NewTest@79b4d0f]" name="afterMethod" is-config="true" duration-ms="1" started-at="2018-08-19T13:57:20Z" finished-at="2018-08-19T13:57:20Z">
          <reporter-output>
          </reporter-output>
        </test-method> <!-- afterMethod -->
        <test-method status="PASS" signature="afterClass()[pri:0, instance:Selenium.MavenAug2018.NewTest@79b4d0f]" name="afterClass" is-config="true" duration-ms="0" started-at="2018-08-19T13:57:20Z" finished-at="2018-08-19T13:57:20Z">
          <reporter-output>
          </reporter-output>
        </test-method> <!-- afterClass -->
        <test-method status="PASS" signature="afterTest()[pri:0, instance:Selenium.MavenAug2018.NewTest@79b4d0f]" name="afterTest" is-config="true" duration-ms="1" started-at="2018-08-19T13:57:20Z" finished-at="2018-08-19T13:57:20Z">
          <reporter-output>
          </reporter-output>
        </test-method> <!-- afterTest -->
        <test-method status="PASS" signature="afterSuite()[pri:0, instance:Selenium.MavenAug2018.NewTest@79b4d0f]" name="afterSuite" is-config="true" duration-ms="1" started-at="2018-08-19T13:57:20Z" finished-at="2018-08-19T13:57:20Z">
          <reporter-output>
          </reporter-output>
        </test-method> <!-- afterSuite -->
      </class> <!-- Selenium.MavenAug2018.NewTest -->
    </test> <!-- Test -->
  </suite> <!-- Suite -->
</testng-results>
